<?xml version="1.0" encoding="UTF-8"?>
<!-- Generated by org.testng.reporters.JUnitReportReporter -->
<testsuite hostname="LAPTOP-F4LAP8LF" failures="0" tests="1" name="Guru99demo.gittest.AppTest" time="24.970" errors="0" timestamp="5 Jan 2019 09:11:57 GMT">
  <testcase classname="Guru99demo.gittest.AppTest" name="Guru99Tutorials" time="24.970"/>
</testsuite> <!-- Guru99demo.gittest.AppTest -->
